<?xml version="1.0" encoding="UTF-8"?>
<!-- Generated by org.testng.reporters.JUnitXMLReporter -->
<testsuite hostname="HYD-LAP-00639" ignored="1" name="NisumPOC" tests="3" failures="0" timestamp="2020-05-08T17:35:18 IST" time="5.925" errors="0">
  <testcase name="validatecreateEmployee" time="3.347" classname="com.nisum.poc.TestNG.EmployeeTest"/>
  <testcase name="validateupdateteEmployee" time="0.888" classname="com.nisum.poc.TestNG.EmployeeTest"/>
  <testcase name="validateDeleteEmployee" time="1.022" classname="com.nisum.poc.TestNG.EmployeeTest"/>
  <testcase name="validateGetEmployee" time="0.0" classname="com.nisum.poc.TestNG.EmployeeTest">
    <ignored/>
  </testcase> <!-- validateGetEmployee -->
</testsuite> <!-- NisumPOC -->
