<?xml version="1.0" encoding="UTF-8"?>
<!-- Generated by org.testng.reporters.JUnitXMLReporter -->
<testsuite hostname="HYD-LAP-00639" ignored="0" name="NisumPOC" tests="4" failures="0" timestamp="2020-05-05T18:53:10 IST" time="7.943" errors="0">
  <testcase name="createEmployee" time="5.277" classname="com.nisum.poc.Employee.IncludeExcludeEmployee"/>
  <testcase name="deleteEmployee" time="0.851" classname="com.nisum.poc.Employee.IncludeExcludeEmployee"/>
  <testcase name="retriveEmployee" time="0.699" classname="com.nisum.poc.Employee.IncludeExcludeEmployee"/>
  <testcase name="updateEmployee" time="1.056" classname="com.nisum.poc.Employee.IncludeExcludeEmployee"/>
</testsuite> <!-- NisumPOC -->
