<?xml version="1.0" encoding="UTF-8"?>
<testng-results skipped="0" failed="0" ignored="0" total="4" passed="4">
  <reporter-output>
  </reporter-output>
  <suite name="Default Suite" duration-ms="7943" started-at="2020-05-05T18:53:01 IST" finished-at="2020-05-05T18:53:09 IST">
    <groups>
    </groups>
    <test name="NisumPOC" duration-ms="7943" started-at="2020-05-05T18:53:01 IST" finished-at="2020-05-05T18:53:09 IST">
      <class name="com.nisum.poc.Employee.IncludeExcludeEmployee">
        <test-method status="PASS" signature="createEmployee()[pri:0, instance:com.nisum.poc.Employee.IncludeExcludeEmployee@31a5c39e]" name="createEmployee" duration-ms="5277" started-at="2020-05-05T18:53:02 IST" finished-at="2020-05-05T18:53:07 IST">
          <reporter-output>
          </reporter-output>
        </test-method> <!-- createEmployee -->
        <test-method status="PASS" signature="deleteEmployee()[pri:0, instance:com.nisum.poc.Employee.IncludeExcludeEmployee@31a5c39e]" name="deleteEmployee" duration-ms="851" started-at="2020-05-05T18:53:07 IST" finished-at="2020-05-05T18:53:08 IST">
          <reporter-output>
          </reporter-output>
        </test-method> <!-- deleteEmployee -->
        <test-method status="PASS" signature="retriveEmployee()[pri:0, instance:com.nisum.poc.Employee.IncludeExcludeEmployee@31a5c39e]" name="retriveEmployee" duration-ms="699" started-at="2020-05-05T18:53:08 IST" finished-at="2020-05-05T18:53:08 IST">
          <reporter-output>
          </reporter-output>
        </test-method> <!-- retriveEmployee -->
        <test-method status="PASS" signature="updateEmployee()[pri:0, instance:com.nisum.poc.Employee.IncludeExcludeEmployee@31a5c39e]" name="updateEmployee" duration-ms="1056" started-at="2020-05-05T18:53:08 IST" finished-at="2020-05-05T18:53:09 IST">
          <reporter-output>
          </reporter-output>
        </test-method> <!-- updateEmployee -->
      </class> <!-- com.nisum.poc.Employee.IncludeExcludeEmployee -->
    </test> <!-- NisumPOC -->
  </suite> <!-- Default Suite -->
</testng-results>
